build/outputs/logs/manifest-merger-debug-report.txt
-- Merging decision tree log ---
manifest
ADDED from src/main/AndroidManifest.xml:3:1-103:12
	package
		ADDED from src/main/AndroidManifest.xml:4:5-35
		INJECTED from src/main/AndroidManifest.xml
		INJECTED from src/main/AndroidManifest.xml
	android:versionName
		INJECTED from src/main/AndroidManifest.xml
		INJECTED from src/main/AndroidManifest.xml
	xmlns:android
		ADDED from src/main/AndroidManifest.xml:3:11-69
	android:versionCode
		INJECTED from src/main/AndroidManifest.xml
		INJECTED from src/main/AndroidManifest.xml
supports-screens
ADDED from src/main/AndroidManifest.xml:6:5-11:40
	android:largeScreens
		ADDED from src/main/AndroidManifest.xml:8:9-36
	android:smallScreens
		ADDED from src/main/AndroidManifest.xml:10:9-36
	android:normalScreens
		ADDED from src/main/AndroidManifest.xml:9:9-37
	android:xlargeScreens
		ADDED from src/main/AndroidManifest.xml:11:9-37
	android:anyDensity
		ADDED from src/main/AndroidManifest.xml:7:9-34
permission#android.permission.FLASHLIGHT
ADDED from src/main/AndroidManifest.xml:13:5-16:44
	android:protectionLevel
		ADDED from src/main/AndroidManifest.xml:16:9-41
	android:permissionGroup
		ADDED from src/main/AndroidManifest.xml:15:9-77
	android:name
		ADDED from src/main/AndroidManifest.xml:14:9-53
uses-feature#android.hardware.camera.flash
ADDED from src/main/AndroidManifest.xml:18:5-66
	android:name
		ADDED from src/main/AndroidManifest.xml:18:19-63
uses-feature#android.hardware.camera.autofocus
ADDED from src/main/AndroidManifest.xml:19:5-70
	android:name
		ADDED from src/main/AndroidManifest.xml:19:19-67
uses-feature#android.hardware.camera
ADDED from src/main/AndroidManifest.xml:20:5-60
	android:name
		ADDED from src/main/AndroidManifest.xml:20:19-57
uses-permission#android.permission.SYSTEM_ALERT_WINDOW
ADDED from src/main/AndroidManifest.xml:22:5-78
	android:name
		ADDED from src/main/AndroidManifest.xml:22:22-75
uses-permission#android.permission.INTERNET
ADDED from src/main/AndroidManifest.xml:23:5-67
MERGED from [com.google.android.gms:play-services-ads-lite:11.0.2] AndroidManifest.xml:19:5-66
	android:name
		ADDED from src/main/AndroidManifest.xml:23:22-64
uses-permission#android.permission.DISABLE_KEYGUARD
ADDED from src/main/AndroidManifest.xml:24:5-75
	android:name
		ADDED from src/main/AndroidManifest.xml:24:22-72
uses-permission#android.permission.ACCESS_WIFI_STATE
ADDED from src/main/AndroidManifest.xml:25:5-76
	android:name
		ADDED from src/main/AndroidManifest.xml:25:22-73
uses-permission#android.permission.ACCESS_NETWORK_STATE
ADDED from src/main/AndroidManifest.xml:26:5-79
MERGED from [com.google.android.gms:play-services-ads-lite:11.0.2] AndroidManifest.xml:20:5-78
	android:name
		ADDED from src/main/AndroidManifest.xml:26:22-76
uses-permission#android.permission.CHANGE_WIFI_STATE
ADDED from src/main/AndroidManifest.xml:27:5-76
	android:name
		ADDED from src/main/AndroidManifest.xml:27:22-73
uses-permission#android.permission.BLUETOOTH_ADMIN
ADDED from src/main/AndroidManifest.xml:28:5-74
	android:name
		ADDED from src/main/AndroidManifest.xml:28:22-71
uses-permission#android.permission.BLUETOOTH
ADDED from src/main/AndroidManifest.xml:29:5-68
	android:name
		ADDED from src/main/AndroidManifest.xml:29:22-65
uses-permission#android.permission.WRITE_SETTINGS
ADDED from src/main/AndroidManifest.xml:30:5-73
	android:name
		ADDED from src/main/AndroidManifest.xml:30:22-70
uses-permission#android.permission.KILL_BACKGROUND_PROCESSES
ADDED from src/main/AndroidManifest.xml:31:5-84
	android:name
		ADDED from src/main/AndroidManifest.xml:31:22-81
uses-permission#android.permission.CAMERA
ADDED from src/main/AndroidManifest.xml:32:5-65
	android:name
		ADDED from src/main/AndroidManifest.xml:32:22-62
uses-permission#android.permission.GET_TASKS
ADDED from src/main/AndroidManifest.xml:33:5-68
	android:name
		ADDED from src/main/AndroidManifest.xml:33:22-65
uses-permission#android.permission.ACCESS_FINE_LOCATION
ADDED from src/main/AndroidManifest.xml:34:5-79
	android:name
		ADDED from src/main/AndroidManifest.xml:34:22-76
uses-permission#android.permission.RECEIVE_BOOT_COMPLETED
ADDED from src/main/AndroidManifest.xml:35:5-81
	android:name
		ADDED from src/main/AndroidManifest.xml:35:22-78
application
ADDED from src/main/AndroidManifest.xml:37:5-101:19
MERGED from [com.android.support:design:25.3.1] AndroidManifest.xml:29:5-20
MERGED from [com.android.support:appcompat-v7:25.3.1] AndroidManifest.xml:29:5-20
MERGED from [com.android.support:animated-vector-drawable:25.3.1] AndroidManifest.xml:26:5-20
MERGED from [com.android.support:support-vector-drawable:25.3.1] AndroidManifest.xml:26:5-20
MERGED from [com.android.support:transition:25.3.1] AndroidManifest.xml:26:5-20
MERGED from [com.google.android.gms:play-services-ads-lite:11.0.2] AndroidManifest.xml:23:5-26:19
MERGED from [com.google.android.gms:play-services-clearcut:11.0.2] AndroidManifest.xml:18:5-19
MERGED from [com.google.android.gms:play-services-gass:11.0.2] AndroidManifest.xml:4:5-19
MERGED from [com.google.android.gms:play-services-safetynet:11.0.2] AndroidManifest.xml:18:5-19
MERGED from [com.google.android.gms:play-services-base:11.0.2] AndroidManifest.xml:18:5-20:19
MERGED from [com.google.android.gms:play-services-tasks:11.0.2] AndroidManifest.xml:4:5-19
MERGED from [com.google.android.gms:play-services-basement:11.0.2] AndroidManifest.xml:19:5-21:19
MERGED from [com.android.support:support-v4:25.3.1] AndroidManifest.xml:29:5-20
MERGED from [com.android.support:support-fragment:25.3.1] AndroidManifest.xml:29:5-20
MERGED from [com.android.support:support-media-compat:25.3.1] AndroidManifest.xml:29:5-20
MERGED from [com.android.support:support-core-ui:25.3.1] AndroidManifest.xml:29:5-20
MERGED from [com.android.support:support-core-utils:25.3.1] AndroidManifest.xml:29:5-20
MERGED from [com.android.support:support-compat:25.3.1] AndroidManifest.xml:29:5-20
	android:label
		ADDED from src/main/AndroidManifest.xml:42:9-41
	android:supportsRtl
		ADDED from src/main/AndroidManifest.xml:44:9-35
	android:fullBackupContent
		ADDED from src/main/AndroidManifest.xml:40:9-42
	android:allowBackup
		ADDED from src/main/AndroidManifest.xml:39:9-35
	android:icon
		ADDED from src/main/AndroidManifest.xml:41:9-45
	android:largeHeap
		ADDED from src/main/AndroidManifest.xml:43:9-33
	android:theme
		ADDED from src/main/AndroidManifest.xml:45:9-40
	android:name
		ADDED from src/main/AndroidManifest.xml:38:9-67
meta-data#com.google.android.gms.version
ADDED from src/main/AndroidManifest.xml:47:9-49:69
MERGED from [com.google.android.gms:play-services-basement:11.0.2] AndroidManifest.xml:20:9-121
	android:value
		ADDED from src/main/AndroidManifest.xml:49:13-66
	android:name
		ADDED from src/main/AndroidManifest.xml:48:13-58
activity#com.touchpro.easytouch.MainActivity
ADDED from src/main/AndroidManifest.xml:51:9-61:20
	android:screenOrientation
		ADDED from src/main/AndroidManifest.xml:54:13-49
	android:label
		ADDED from src/main/AndroidManifest.xml:53:13-45
	android:theme
		ADDED from src/main/AndroidManifest.xml:55:13-44
	android:name
		ADDED from src/main/AndroidManifest.xml:52:13-63
intent-filter#android.intent.action.MAIN+android.intent.category.LAUNCHER
ADDED from src/main/AndroidManifest.xml:56:13-60:29
action#android.intent.action.MAIN
ADDED from src/main/AndroidManifest.xml:57:17-69
	android:name
		ADDED from src/main/AndroidManifest.xml:57:25-66
category#android.intent.category.LAUNCHER
ADDED from src/main/AndroidManifest.xml:59:17-77
	android:name
		ADDED from src/main/AndroidManifest.xml:59:27-74
activity#com.touchpro.easytouch.AllAppActivity
ADDED from src/main/AndroidManifest.xml:62:9-66:52
	android:screenOrientation
		ADDED from src/main/AndroidManifest.xml:66:13-49
	android:launchMode
		ADDED from src/main/AndroidManifest.xml:65:13-44
	android:configChanges
		ADDED from src/main/AndroidManifest.xml:64:13-63
	android:name
		ADDED from src/main/AndroidManifest.xml:63:13-65
activity#com.touchpro.easytouch.ShowIconActivity
ADDED from src/main/AndroidManifest.xml:67:9-71:52
	android:screenOrientation
		ADDED from src/main/AndroidManifest.xml:71:13-49
	android:launchMode
		ADDED from src/main/AndroidManifest.xml:70:13-44
	android:configChanges
		ADDED from src/main/AndroidManifest.xml:69:13-63
	android:name
		ADDED from src/main/AndroidManifest.xml:68:13-67
activity#com.touchpro.easytouch.DeviceAdminActivity
ADDED from src/main/AndroidManifest.xml:72:9-77:56
	android:screenOrientation
		ADDED from src/main/AndroidManifest.xml:76:13-49
	android:launchMode
		ADDED from src/main/AndroidManifest.xml:75:13-44
	android:configChanges
		ADDED from src/main/AndroidManifest.xml:74:13-63
	android:theme
		ADDED from src/main/AndroidManifest.xml:77:13-53
	android:name
		ADDED from src/main/AndroidManifest.xml:73:13-70
activity#com.touchpro.easytouch.PanelSettingActivity
ADDED from src/main/AndroidManifest.xml:78:9-82:52
	android:screenOrientation
		ADDED from src/main/AndroidManifest.xml:82:13-49
	android:launchMode
		ADDED from src/main/AndroidManifest.xml:81:13-44
	android:configChanges
		ADDED from src/main/AndroidManifest.xml:80:13-63
	android:name
		ADDED from src/main/AndroidManifest.xml:79:13-71
activity#com.google.android.gms.ads.AdActivity
ADDED from src/main/AndroidManifest.xml:83:9-85:125
MERGED from [com.google.android.gms:play-services-ads-lite:11.0.2] AndroidManifest.xml:25:9-232
	android:configChanges
		ADDED from src/main/AndroidManifest.xml:85:13-122
	android:theme
		ADDED from [com.google.android.gms:play-services-ads-lite:11.0.2] AndroidManifest.xml:25:182-230
	android:name
		ADDED from src/main/AndroidManifest.xml:84:13-65
service#com.touchpro.service.EasyTouchService
ADDED from src/main/AndroidManifest.xml:87:9-73
	android:name
		ADDED from src/main/AndroidManifest.xml:87:18-70
receiver#com.touchpro.service.EasyTouchDeviceAdminReceiver
ADDED from src/main/AndroidManifest.xml:89:9-99:20
	android:permission
		ADDED from src/main/AndroidManifest.xml:91:13-70
	android:name
		ADDED from src/main/AndroidManifest.xml:90:13-77
meta-data#android.app.device_admin
ADDED from src/main/AndroidManifest.xml:92:13-94:63
	android:resource
		ADDED from src/main/AndroidManifest.xml:94:17-60
	android:name
		ADDED from src/main/AndroidManifest.xml:93:17-56
intent-filter#android.app.action.DEVICE_ADMIN_ENABLED
ADDED from src/main/AndroidManifest.xml:96:13-98:29
action#android.app.action.DEVICE_ADMIN_ENABLED
ADDED from src/main/AndroidManifest.xml:97:17-82
	android:name
		ADDED from src/main/AndroidManifest.xml:97:25-79
uses-sdk
INJECTED from src/main/AndroidManifest.xml reason: use-sdk injection requested
MERGED from [com.android.support:design:25.3.1] AndroidManifest.xml:21:5-23:62
MERGED from [com.android.support:appcompat-v7:25.3.1] AndroidManifest.xml:21:5-23:78
MERGED from [com.android.support:animated-vector-drawable:25.3.1] AndroidManifest.xml:20:5-44
MERGED from [com.android.support:support-vector-drawable:25.3.1] AndroidManifest.xml:20:5-43
MERGED from [com.android.support:recyclerview-v7:25.3.1] AndroidManifest.xml:20:5-43
MERGED from [com.android.support:transition:25.3.1] AndroidManifest.xml:20:5-44
MERGED from [com.google.android.gms:play-services-ads:11.0.2] AndroidManifest.xml:17:5-43
MERGED from [com.google.android.gms:play-services-ads-lite:11.0.2] AndroidManifest.xml:22:5-43
MERGED from [com.google.android.gms:play-services-clearcut:11.0.2] AndroidManifest.xml:17:5-43
MERGED from [com.google.android.gms:play-services-gass:11.0.2] AndroidManifest.xml:3:5-43
MERGED from [com.google.android.gms:play-services-safetynet:11.0.2] AndroidManifest.xml:17:5-43
MERGED from [com.google.android.gms:play-services-base:11.0.2] AndroidManifest.xml:17:5-43
MERGED from [com.google.android.gms:play-services-tasks:11.0.2] AndroidManifest.xml:3:5-43
MERGED from [com.google.android.gms:play-services-basement:11.0.2] AndroidManifest.xml:17:5-43
MERGED from [com.android.support:support-v4:25.3.1] AndroidManifest.xml:21:5-23:54
MERGED from [com.android.support:support-fragment:25.3.1] AndroidManifest.xml:21:5-23:60
MERGED from [com.android.support:support-media-compat:25.3.1] AndroidManifest.xml:21:5-23:63
MERGED from [com.android.support:support-core-ui:25.3.1] AndroidManifest.xml:21:5-23:58
MERGED from [com.android.support:support-core-utils:25.3.1] AndroidManifest.xml:21:5-23:61
MERGED from [com.android.support:support-compat:25.3.1] AndroidManifest.xml:21:5-23:58
	tools:overrideLibrary
		ADDED from [com.android.support:design:25.3.1] AndroidManifest.xml:23:9-59
	android:targetSdkVersion
		INJECTED from src/main/AndroidManifest.xml
		INJECTED from src/main/AndroidManifest.xml
	android:minSdkVersion
		INJECTED from src/main/AndroidManifest.xml
		INJECTED from src/main/AndroidManifest.xml
meta-data#android.support.VERSION
ADDED from [com.android.support:design:25.3.1] AndroidManifest.xml:25:5-27:34
MERGED from [com.android.support:appcompat-v7:25.3.1] AndroidManifest.xml:25:5-27:34
MERGED from [com.android.support:animated-vector-drawable:25.3.1] AndroidManifest.xml:22:5-24:34
MERGED from [com.android.support:support-vector-drawable:25.3.1] AndroidManifest.xml:22:5-24:34
MERGED from [com.android.support:recyclerview-v7:25.3.1] AndroidManifest.xml:22:5-24:34
MERGED from [com.android.support:transition:25.3.1] AndroidManifest.xml:22:5-24:34
MERGED from [com.android.support:support-v4:25.3.1] AndroidManifest.xml:25:5-27:34
MERGED from [com.android.support:support-fragment:25.3.1] AndroidManifest.xml:25:5-27:34
MERGED from [com.android.support:support-media-compat:25.3.1] AndroidManifest.xml:25:5-27:34
MERGED from [com.android.support:support-core-ui:25.3.1] AndroidManifest.xml:25:5-27:34
MERGED from [com.android.support:support-core-utils:25.3.1] AndroidManifest.xml:25:5-27:34
MERGED from [com.android.support:support-compat:25.3.1] AndroidManifest.xml:25:5-27:34
	android:value
		ADDED from [com.android.support:design:25.3.1] AndroidManifest.xml:27:9-31
	android:name
		ADDED from [com.android.support:design:25.3.1] AndroidManifest.xml:26:9-47
activity#com.google.android.gms.common.api.GoogleApiActivity
ADDED from [com.google.android.gms:play-services-base:11.0.2] AndroidManifest.xml:19:9-172
	android:exported
		ADDED from [com.google.android.gms:play-services-base:11.0.2] AndroidManifest.xml:19:146-170
	android:theme
		ADDED from [com.google.android.gms:play-services-base:11.0.2] AndroidManifest.xml:19:86-145
	android:name
		ADDED from [com.google.android.gms:play-services-base:11.0.2] AndroidManifest.xml:19:19-85